2016-04-05 08:15:40: [PM2][WORKER] Started with refreshing interval: 30000
2016-04-05 08:15:40: [[[[ PM2/God daemon launched ]]]]
2016-04-05 08:15:40: BUS system [READY] on port /home/hitman/.pm2/pub.sock
2016-04-05 08:15:40: RPC interface [READY] on port /home/hitman/.pm2/rpc.sock
2016-04-05 08:15:40: Starting execution sequence in -fork mode- for app name:grunt id:0
2016-04-05 08:15:40: App name:grunt id:0 online
2016-04-05 08:16:11: App [grunt] with id [0] and pid [17191], exited with code [0] via signal [SIGINT]
2016-04-05 08:16:11: Starting execution sequence in -fork mode- for app name:grunt id:0
2016-04-05 08:16:11: App name:grunt id:0 online
2016-04-05 08:16:41: App [grunt] with id [0] and pid [17258], exited with code [0] via signal [SIGINT]
2016-04-05 08:16:41: Starting execution sequence in -fork mode- for app name:grunt id:0
2016-04-05 08:16:41: App name:grunt id:0 online
2016-04-05 08:17:11: App [grunt] with id [0] and pid [17319], exited with code [0] via signal [SIGINT]
2016-04-05 08:17:12: Starting execution sequence in -fork mode- for app name:grunt id:0
2016-04-05 08:17:12: App name:grunt id:0 online
2016-04-05 08:17:31: Stopping app:grunt id:0
2016-04-05 08:17:32: Process with pid 17383 still not killed, retrying...
2016-04-05 08:17:32: Process with pid 17383 still not killed, retrying...
2016-04-05 08:17:32: Process with pid 17383 still not killed, retrying...
2016-04-05 08:17:32: Process with pid 17383 still not killed, retrying...
2016-04-05 08:17:32: Process with pid 17383 still not killed, retrying...
2016-04-05 08:17:32: Process with pid 17383 still not killed, retrying...
2016-04-05 08:17:32: Process with pid 17383 still not killed, retrying...
2016-04-05 08:17:32: Process with pid 17383 still not killed, retrying...
2016-04-05 08:17:32: Process with pid 17383 still not killed, retrying...
2016-04-05 08:17:33: Process with pid 17383 still not killed, retrying...
2016-04-05 08:17:33: Process with pid 17383 still not killed, retrying...
2016-04-05 08:17:33: Process with pid 17383 still not killed, retrying...
2016-04-05 08:17:33: Process with pid 17383 still not killed, retrying...
2016-04-05 08:17:33: Process with pid 17383 still not killed, retrying...
2016-04-05 08:17:33: Process with pid 17383 still not killed, retrying...
2016-04-05 08:17:33: Process with pid 17383 still alive after 1600ms, sending it SIGKILL now...
2016-04-05 08:17:33: App [grunt] with id [0] and pid [17383], exited with code [0] via signal [SIGKILL]
2016-04-05 08:17:50: Starting execution sequence in -fork mode- for app name:grunt id:0
2016-04-05 08:17:50: App name:grunt id:0 online
